[5/3/2024, 8:39:50 AM] INFO: Total number of Documents 4
[5/3/2024, 8:39:50 AM] INFO: Number of Documents to be skipped 0
[5/3/2024, 8:39:50 AM] INFO: [object Object],[object Object],[object Object],[object Object]
[5/3/2024, 8:41:50 AM] INFO: Total number of Documents 4
[5/3/2024, 8:41:50 AM] INFO: Number of Documents to be skipped 0
[5/3/2024, 8:41:50 AM] INFO: [{"_id":"663245dbcc18a02bbbbb3a1e","firstName":"eswari","lastName":"Bala","dob":"1970-12-02T00:00:00.000Z","gender":"FEMALE","mobileNo":"9952032863","roles":["6630bc55ee46626763fee7f4"],"__v":0},{"_id":"6632466e75e7486e6331f191","firstName":"Balasubramaniam","lastName":"Manickamuthu","dob":"1965-04-27T00:00:00.000Z","gender":"MALE","mobileNo":"8056050425","roles":["6630bc55ee46626763fee7f4"],"__v":0},{"_id":"6633b744b06a25671b48924f","firstName":"Subiksha","lastName":"Reddy","dob":"1995-04-02T00:00:00.000Z","gender":"FEMALE","mobileNo":"9952032864","roles":["6630bc55ee46626763fee7f4"],"__v":0},{"_id":"6633d406bbd781f7b23eaf73","firstName":"Sukesh","lastName":"Tiago","dob":"1999-12-04T00:00:00.000Z","gender":"MALE","mobileNo":"1234567890","roles":["6630bc55ee46626763fee7f4"],"__v":0}]
[5/3/2024, 2:45:02 PM] INFO: Total number of Documents 4
[5/3/2024, 2:45:02 PM] INFO: Number of Documents to be skipped 0
[5/3/2024, 2:45:02 PM] INFO: [{"_id":"663245dbcc18a02bbbbb3a1e","firstName":"eswari","lastName":"Bala","dob":"1970-12-02T00:00:00.000Z","gender":"FEMALE","mobileNo":"9952032863","roles":["6630bc55ee46626763fee7f4"],"__v":0},{"_id":"6632466e75e7486e6331f191","firstName":"Balasubramaniam","lastName":"Manickamuthu","dob":"1965-04-27T00:00:00.000Z","gender":"MALE","mobileNo":"8056050425","roles":["6630bc55ee46626763fee7f4"],"__v":0},{"_id":"6633b744b06a25671b48924f","firstName":"Subiksha","lastName":"Reddy","dob":"1995-04-02T00:00:00.000Z","gender":"FEMALE","mobileNo":"9952032864","roles":["6630bc55ee46626763fee7f4"],"__v":0},{"_id":"6633d406bbd781f7b23eaf73","firstName":"Sukesh","lastName":"Tiago","dob":"1999-12-04T00:00:00.000Z","gender":"MALE","mobileNo":"1234567890","roles":["6630bc55ee46626763fee7f4"],"__v":0}]
[5/3/2024, 11:17:44 AM] INFO: Total number of Documents 4
[5/3/2024, 11:17:44 AM] INFO: Number of Documents to be skipped 0
[5/3/2024, 11:17:44 AM] INFO: [{"_id":"663245dbcc18a02bbbbb3a1e","firstName":"eswari","lastName":"Bala","dob":"1970-12-02T00:00:00.000Z","gender":"FEMALE","mobileNo":"9952032863","roles":["6630bc55ee46626763fee7f4"],"__v":0},{"_id":"6632466e75e7486e6331f191","firstName":"Balasubramaniam","lastName":"Manickamuthu","dob":"1965-04-27T00:00:00.000Z","gender":"MALE","mobileNo":"8056050425","roles":["6630bc55ee46626763fee7f4"],"__v":0},{"_id":"6633b744b06a25671b48924f","firstName":"Subiksha","lastName":"Reddy","dob":"1995-04-02T00:00:00.000Z","gender":"FEMALE","mobileNo":"9952032864","roles":["6630bc55ee46626763fee7f4"],"__v":0},{"_id":"6633d406bbd781f7b23eaf73","firstName":"Sukesh","lastName":"Tiago","dob":"1999-12-04T00:00:00.000Z","gender":"MALE","mobileNo":"1234567890","roles":["6630bc55ee46626763fee7f4"],"__v":0}]
[5/3/2024, 12:15:00 PM] INFO: Total number of Documents 4
[5/3/2024, 12:15:00 PM] INFO: Number of Documents to be skipped 0
[5/3/2024, 12:15:00 PM] INFO: [{"_id":"663245dbcc18a02bbbbb3a1e","firstName":"eswari","lastName":"Bala","dob":"1970-12-02T00:00:00.000Z","gender":"FEMALE","mobileNo":"9952032863","roles":["6630bc55ee46626763fee7f4"],"__v":0},{"_id":"6632466e75e7486e6331f191","firstName":"Balasubramaniam","lastName":"Manickamuthu","dob":"1965-04-27T00:00:00.000Z","gender":"MALE","mobileNo":"8056050425","roles":["6630bc55ee46626763fee7f4"],"__v":0},{"_id":"6633b744b06a25671b48924f","firstName":"Subiksha","lastName":"Reddy","dob":"1995-04-02T00:00:00.000Z","gender":"FEMALE","mobileNo":"9952032864","roles":["6630bc55ee46626763fee7f4"],"__v":0},{"_id":"6633d406bbd781f7b23eaf73","firstName":"Sukesh","lastName":"Tiago","dob":"1999-12-04T00:00:00.000Z","gender":"MALE","mobileNo":"1234567890","roles":["6630bc55ee46626763fee7f4"],"__v":0}]
[5/3/2024, 2:24:46 PM] INFO: Total number of Documents 4
[5/3/2024, 2:24:46 PM] INFO: Number of Documents to be skipped 1
[5/3/2024, 2:24:46 PM] INFO: [{"_id":"6632466e75e7486e6331f191","firstName":"Balasubramaniam","lastName":"Manickamuthu","dob":"1965-04-27T00:00:00.000Z","gender":"MALE","mobileNo":"8056050425","roles":["6630bc55ee46626763fee7f4"],"__v":0},{"_id":"6633b744b06a25671b48924f","firstName":"Subiksha","lastName":"Reddy","dob":"1995-04-02T00:00:00.000Z","gender":"FEMALE","mobileNo":"9952032864","roles":["6630bc55ee46626763fee7f4"],"__v":0},{"_id":"6633d406bbd781f7b23eaf73","firstName":"Sukesh","lastName":"Tiago","dob":"1999-12-04T00:00:00.000Z","gender":"MALE","mobileNo":"1234567890","roles":["6630bc55ee46626763fee7f4"],"__v":0}]
[5/3/2024, 5:07:02 PM] INFO: Total number of Documents 4
[5/3/2024, 5:07:02 PM] INFO: Number of Documents to be skipped 0
[5/3/2024, 5:07:02 PM] INFO: [{"_id":"663245dbcc18a02bbbbb3a1e","firstName":"eswari","lastName":"Bala","dob":"1970-12-02T00:00:00.000Z","gender":"FEMALE","mobileNo":"9952032863","roles":["6630bc55ee46626763fee7f4"],"__v":0},{"_id":"6632466e75e7486e6331f191","firstName":"Balasubramaniam","lastName":"Manickamuthu","dob":"1965-04-27T00:00:00.000Z","gender":"MALE","mobileNo":"8056050425","roles":["6630bc55ee46626763fee7f4"],"__v":0},{"_id":"6633b744b06a25671b48924f","firstName":"Subiksha","lastName":"Reddy","dob":"1995-04-02T00:00:00.000Z","gender":"FEMALE","mobileNo":"9952032864","roles":["6630bc55ee46626763fee7f4"],"__v":0},{"_id":"6633d406bbd781f7b23eaf73","firstName":"Sukesh","lastName":"Tiago","dob":"1999-12-04T00:00:00.000Z","gender":"MALE","mobileNo":"1234567890","roles":["6630bc55ee46626763fee7f4"],"__v":0}]
